0 info it worked if it ends with ok
1 verbose cli [ '/Users/ikeryou/.nodebrew/node/v6.2.2/bin/node',
1 verbose cli   '/Users/ikeryou/.nodebrew/node/v6.2.2/bin/npm',
1 verbose cli   'run',
1 verbose cli   'css' ]
2 info using npm@3.9.5
3 info using node@v6.2.2
4 verbose run-script [ 'precss', 'css', 'postcss' ]
5 info lifecycle @~precss: @
6 silly lifecycle @~precss: no script for precss, continuing
7 info lifecycle @~css: @
8 verbose lifecycle @~css: unsafe-perm in lifecycle true
9 verbose lifecycle @~css: PATH: /Users/ikeryou/.nodebrew/node/v6.2.2/lib/node_modules/npm/bin/node-gyp-bin:/Users/ikeryou/ike/works_client/2017/sunny/main/node_modules/.bin:/Users/ikeryou/.nodebrew/node/v6.2.2/bin:/Users/ikeryou/.nodebrew/node/v6.2.2/lib/node_modules/npm/bin/node-gyp-bin:/Users/ikeryou/ike/works_client/2017/sunny/main/node_modules/.bin:/Users/ikeryou/.nodebrew/node/v6.2.2/bin:/opt/local/bin:/opt/local/sbin:/Users/ikeryou/.nodebrew/current/bin:/usr/local/opt/ruby/bin:/usr/local/share/python:/Users/ikeryou/.homebrew/bin:/Users/ikeryou/.homebrew/sbin:/usr/local/bin:/usr/bin:/bin:/usr/sbin:/sbin:/opt/X11/bin:/usr/local/git/bin
10 verbose lifecycle @~css: CWD: /Users/ikeryou/ike/works_client/2017/sunny/main
11 silly lifecycle @~css: Args: [ '-c', 'stylus -w src/css/ -o ./public/assets/css/ -u nib' ]
12 silly lifecycle @~css: Returned: code: 1  signal: null
13 info lifecycle @~css: Failed to exec css script
14 verbose stack Error: @ css: `stylus -w src/css/ -o ./public/assets/css/ -u nib`
14 verbose stack Exit status 1
14 verbose stack     at EventEmitter.<anonymous> (/Users/ikeryou/.nodebrew/node/v6.2.2/lib/node_modules/npm/lib/utils/lifecycle.js:245:16)
14 verbose stack     at emitTwo (events.js:106:13)
14 verbose stack     at EventEmitter.emit (events.js:191:7)
14 verbose stack     at ChildProcess.<anonymous> (/Users/ikeryou/.nodebrew/node/v6.2.2/lib/node_modules/npm/lib/utils/spawn.js:24:14)
14 verbose stack     at emitTwo (events.js:106:13)
14 verbose stack     at ChildProcess.emit (events.js:191:7)
14 verbose stack     at maybeClose (internal/child_process.js:852:16)
14 verbose stack     at Process.ChildProcess._handle.onexit (internal/child_process.js:215:5)
15 verbose pkgid @
16 verbose cwd /Users/ikeryou/ike/works_client/2017/sunny/main
17 error Darwin 16.4.0
18 error argv "/Users/ikeryou/.nodebrew/node/v6.2.2/bin/node" "/Users/ikeryou/.nodebrew/node/v6.2.2/bin/npm" "run" "css"
19 error node v6.2.2
20 error npm  v3.9.5
21 error code ELIFECYCLE
22 error @ css: `stylus -w src/css/ -o ./public/assets/css/ -u nib`
22 error Exit status 1
23 error Failed at the @ css script 'stylus -w src/css/ -o ./public/assets/css/ -u nib'.
23 error Make sure you have the latest version of node.js and npm installed.
23 error If you do, this is most likely a problem with the  package,
23 error not with npm itself.
23 error Tell the author that this fails on your system:
23 error     stylus -w src/css/ -o ./public/assets/css/ -u nib
23 error You can get information on how to open an issue for this project with:
23 error     npm bugs
23 error Or if that isn't available, you can get their info via:
23 error     npm owner ls
23 error There is likely additional logging output above.
24 verbose exit [ 1, true ]
